# JRE version: OpenJDK Runtime Environment (11.0.11) (build 11.0.11+0-b60-7590822)
# Java VM: OpenJDK 64-Bit Server VM (11.0.11+0-b60-7590822, mixed mode, tiered, compressed oops, g1 gc, linux-amd64)
Heap:
 garbage-first heap   total 803840K, used 374464K [0x0000000080000000, 0x0000000100000000)
  region size 1024K, 9 young (9216K), 9 survivors (9216K)
 Metaspace       used 131605K, capacity 135699K, committed 145792K, reserved 1175552K
  class space    used 16713K, capacity 18242K, committed 19328K, reserved 1048576K
GC Heap History (20 events):
Event: 58,505 GC heap after
{Heap after GC invocations=35 (full 0):
 garbage-first heap   total 397312K, used 312832K [0x0000000080000000, 0x0000000100000000)
  region size 1024K, 6 young (6144K), 6 survivors (6144K)
 Metaspace       used 136108K, capacity 140359K, committed 145792K, reserved 1175552K
  class space    used 17229K, capacity 18748K, committed 19328K, reserved 1048576K
}
Event: 58,640 GC heap before
{Heap before GC invocations=35 (full 0):
 garbage-first heap   total 397312K, used 333312K [0x0000000080000000, 0x0000000100000000)
  region size 1024K, 27 young (27648K), 6 survivors (6144K)
 Metaspace       used 136109K, capacity 140359K, committed 145792K, reserved 1175552K
  class space    used 17229K, capacity 18748K, committed 19328K, reserved 1048576K
}
Event: 58,669 GC heap after
{Heap after GC invocations=36 (full 0):
 garbage-first heap   total 397312K, used 324608K [0x0000000080000000, 0x0000000100000000)
  region size 1024K, 4 young (4096K), 4 survivors (4096K)
 Metaspace       used 136109K, capacity 140359K, committed 145792K, reserved 1175552K
  class space    used 17229K, capacity 18748K, committed 19328K, reserved 1048576K
}
Event: 58,890 GC heap before
{Heap before GC invocations=36 (full 0):
 garbage-first heap   total 397312K, used 339968K [0x0000000080000000, 0x0000000100000000)
  region size 1024K, 19 young (19456K), 4 survivors (4096K)
 Metaspace       used 136518K, capacity 140689K, committed 145792K, reserved 1175552K
  class space    used 17291K, capacity 18792K, committed 19328K, reserved 1048576K
}
Event: 58,915 GC heap after
{Heap after GC invocations=37 (full 0):
 garbage-first heap   total 397312K, used 332288K [0x0000000080000000, 0x0000000100000000)
  region size 1024K, 3 young (3072K), 3 survivors (3072K)
 Metaspace       used 136518K, capacity 140689K, committed 145792K, reserved 1175552K
  class space    used 17291K, capacity 18792K, committed 19328K, reserved 1048576K
}
Event: 59,249 GC heap before
{Heap before GC invocations=37 (full 0):
 garbage-first heap   total 397312K, used 345600K [0x0000000080000000, 0x0000000100000000)
  region size 1024K, 19 young (19456K), 3 survivors (3072K)
 Metaspace       used 130311K, capacity 134327K, committed 145792K, reserved 1175552K
  class space    used 16581K, capacity 18032K, committed 19328K, reserved 1048576K
}
Event: 59,284 GC heap after
{Heap after GC invocations=38 (full 0):
 garbage-first heap   total 397312K, used 333312K [0x0000000080000000, 0x0000000100000000)
  region size 1024K, 3 young (3072K), 3 survivors (3072K)
 Metaspace       used 130311K, capacity 134327K, committed 145792K, reserved 1175552K
  class space    used 16581K, capacity 18032K, committed 19328K, reserved 1048576K
}
Event: 59,477 GC heap before
{Heap before GC invocations=38 (full 0):
 garbage-first heap   total 397312K, used 348672K [0x0000000080000000, 0x0000000100000000)
  region size 1024K, 19 young (19456K), 3 survivors (3072K)
 Metaspace       used 130578K, capacity 134610K, committed 145792K, reserved 1175552K
  class space    used 16615K, capacity 18083K, committed 19328K, reserved 1048576K
}
Event: 59,514 GC heap after
{Heap after GC invocations=39 (full 0):
 garbage-first heap   total 397312K, used 336312K [0x0000000080000000, 0x0000000100000000)
  region size 1024K, 3 young (3072K), 3 survivors (3072K)
 Metaspace       used 130578K, capacity 134610K, committed 145792K, reserved 1175552K
  class space    used 16615K, capacity 18083K, committed 19328K, reserved 1048576K
}
Event: 59,667 GC heap before
{Heap before GC invocations=39 (full 0):
 garbage-first heap   total 397312K, used 351672K [0x0000000080000000, 0x0000000100000000)
  region size 1024K, 19 young (19456K), 3 survivors (3072K)
 Metaspace       used 130675K, capacity 134713K, committed 145792K, reserved 1175552K
  class space    used 16626K, capacity 18095K, committed 19328K, reserved 1048576K
}
Event: 59,701 GC heap after
{Heap after GC invocations=40 (full 0):
 garbage-first heap   total 397312K, used 340583K [0x0000000080000000, 0x0000000100000000)
  region size 1024K, 3 young (3072K), 3 survivors (3072K)
 Metaspace       used 130675K, capacity 134713K, committed 145792K, reserved 1175552K
  class space    used 16626K, capacity 18095K, committed 19328K, reserved 1048576K
}
Event: 59,770 GC heap before
{Heap before GC invocations=40 (full 0):
 garbage-first heap   total 397312K, used 356967K [0x0000000080000000, 0x0000000100000000)
  region size 1024K, 19 young (19456K), 3 survivors (3072K)
 Metaspace       used 130675K, capacity 134713K, committed 145792K, reserved 1175552K
  class space    used 16626K, capacity 18095K, committed 19328K, reserved 1048576K
}
Event: 59,790 GC heap after
{Heap after GC invocations=41 (full 0):
 garbage-first heap   total 513024K, used 341601K [0x0000000080000000, 0x0000000100000000)
  region size 1024K, 1 young (1024K), 1 survivors (1024K)
 Metaspace       used 130675K, capacity 134713K, committed 145792K, reserved 1175552K
  class space    used 16626K, capacity 18095K, committed 19328K, reserved 1048576K
}
Event: 60,060 GC heap before
{Heap before GC invocations=42 (full 0):
 garbage-first heap   total 513024K, used 357985K [0x0000000080000000, 0x0000000100000000)
  region size 1024K, 18 young (18432K), 1 survivors (1024K)
 Metaspace       used 130894K, capacity 134937K, committed 145792K, reserved 1175552K
  class space    used 16644K, capacity 18101K, committed 19328K, reserved 1048576K
}
Event: 60,086 GC heap after
{Heap after GC invocations=43 (full 0):
 garbage-first heap   total 513024K, used 343626K [0x0000000080000000, 0x0000000100000000)
  region size 1024K, 3 young (3072K), 3 survivors (3072K)
 Metaspace       used 130894K, capacity 134937K, committed 145792K, reserved 1175552K
  class space    used 16644K, capacity 18101K, committed 19328K, reserved 1048576K
}
Event: 60,995 GC heap before
{Heap before GC invocations=43 (full 0):
 garbage-first heap   total 513024K, used 417354K [0x0000000080000000, 0x0000000100000000)
  region size 1024K, 66 young (67584K), 3 survivors (3072K)
 Metaspace       used 130909K, capacity 134937K, committed 145792K, reserved 1175552K
  class space    used 16644K, capacity 18101K, committed 19328K, reserved 1048576K
}
Event: 61,036 GC heap after
{Heap after GC invocations=44 (full 0):
 garbage-first heap   total 513024K, used 357536K [0x0000000080000000, 0x0000000100000000)
  region size 1024K, 8 young (8192K), 8 survivors (8192K)
 Metaspace       used 130909K, capacity 134937K, committed 145792K, reserved 1175552K
  class space    used 16644K, capacity 18101K, committed 19328K, reserved 1048576K
}
Event: 62,013 GC heap before
{Heap before GC invocations=44 (full 0):
 garbage-first heap   total 513024K, used 379040K [0x0000000080000000, 0x0000000100000000)
  region size 1024K, 36 young (36864K), 8 survivors (8192K)
 Metaspace       used 131301K, capacity 135360K, committed 145792K, reserved 1175552K
  class space    used 16685K, capacity 18195K, committed 19328K, reserved 1048576K
}
Event: 62,077 GC heap after
{Heap after GC invocations=45 (full 0):
 garbage-first heap   total 513024K, used 351936K [0x0000000080000000, 0x0000000100000000)
  region size 1024K, 5 young (5120K), 5 survivors (5120K)
 Metaspace       used 131301K, capacity 135360K, committed 145792K, reserved 1175552K
  class space    used 16685K, capacity 18195K, committed 19328K, reserved 1048576K
}
Event: 62,594 GC heap before
{Heap before GC invocations=46 (full 0):
 garbage-first heap   total 513024K, used 428736K [0x0000000080000000, 0x0000000100000000)
  region size 1024K, 68 young (69632K), 5 survivors (5120K)
 Metaspace       used 131605K, capacity 135699K, committed 145792K, reserved 1175552K
  class space    used 16713K, capacity 18242K, committed 19328K, reserved 1048576K
}

