# JRE version: OpenJDK Runtime Environment (11.0.10) (build 11.0.10+0-b96-7249189)
# Java VM: OpenJDK 64-Bit Server VM (11.0.10+0-b96-7249189, mixed mode, tiered, compressed oops, g1 gc, linux-amd64)
Heap:
 garbage-first heap   total 844800K, used 304639K [0x0000000080000000, 0x0000000100000000)
  region size 1024K, 4 young (4096K), 4 survivors (4096K)
 Metaspace       used 136478K, capacity 140405K, committed 140672K, reserved 1171456K
  class space    used 17037K, capacity 18532K, committed 18560K, reserved 1048576K
GC Heap History (20 events):
Event: 59,114 GC heap after
{Heap after GC invocations=52 (full 0):
 garbage-first heap   total 531456K, used 213503K [0x0000000080000000, 0x0000000100000000)
  region size 1024K, 5 young (5120K), 5 survivors (5120K)
 Metaspace       used 135474K, capacity 139347K, committed 139648K, reserved 1171456K
  class space    used 16957K, capacity 18443K, committed 18560K, reserved 1048576K
}
Event: 60,268 GC heap before
{Heap before GC invocations=52 (full 0):
 garbage-first heap   total 531456K, used 433663K [0x0000000080000000, 0x0000000100000000)
  region size 1024K, 220 young (225280K), 5 survivors (5120K)
 Metaspace       used 135490K, capacity 139348K, committed 139648K, reserved 1171456K
  class space    used 16957K, capacity 18443K, committed 18560K, reserved 1048576K
}
Event: 60,294 GC heap after
{Heap after GC invocations=53 (full 0):
 garbage-first heap   total 531456K, used 216024K [0x0000000080000000, 0x0000000100000000)
  region size 1024K, 8 young (8192K), 8 survivors (8192K)
 Metaspace       used 135490K, capacity 139348K, committed 139648K, reserved 1171456K
  class space    used 16957K, capacity 18443K, committed 18560K, reserved 1048576K
}
Event: 61,577 GC heap before
{Heap before GC invocations=53 (full 0):
 garbage-first heap   total 531456K, used 443352K [0x0000000080000000, 0x0000000100000000)
  region size 1024K, 230 young (235520K), 8 survivors (8192K)
 Metaspace       used 135498K, capacity 139413K, committed 139648K, reserved 1171456K
  class space    used 16957K, capacity 18443K, committed 18560K, reserved 1048576K
}
Event: 61,610 GC heap after
{Heap after GC invocations=54 (full 0):
 garbage-first heap   total 531456K, used 219135K [0x0000000080000000, 0x0000000100000000)
  region size 1024K, 11 young (11264K), 11 survivors (11264K)
 Metaspace       used 135498K, capacity 139413K, committed 139648K, reserved 1171456K
  class space    used 16957K, capacity 18443K, committed 18560K, reserved 1048576K
}
Event: 62,777 GC heap before
{Heap before GC invocations=54 (full 0):
 garbage-first heap   total 531456K, used 450559K [0x0000000080000000, 0x0000000100000000)
  region size 1024K, 237 young (242688K), 11 survivors (11264K)
 Metaspace       used 135499K, capacity 139413K, committed 139648K, reserved 1171456K
  class space    used 16957K, capacity 18443K, committed 18560K, reserved 1048576K
}
Event: 62,846 GC heap after
{Heap after GC invocations=55 (full 0):
 garbage-first heap   total 531456K, used 222719K [0x0000000080000000, 0x0000000100000000)
  region size 1024K, 14 young (14336K), 14 survivors (14336K)
 Metaspace       used 135499K, capacity 139413K, committed 139648K, reserved 1171456K
  class space    used 16957K, capacity 18443K, committed 18560K, reserved 1048576K
}
Event: 64,031 GC heap before
{Heap before GC invocations=55 (full 0):
 garbage-first heap   total 531456K, used 461311K [0x0000000080000000, 0x0000000100000000)
  region size 1024K, 241 young (246784K), 14 survivors (14336K)
 Metaspace       used 135528K, capacity 139417K, committed 139648K, reserved 1171456K
  class space    used 16957K, capacity 18443K, committed 18560K, reserved 1048576K
}
Event: 64,056 GC heap after
{Heap after GC invocations=56 (full 0):
 garbage-first heap   total 531456K, used 221183K [0x0000000080000000, 0x0000000100000000)
  region size 1024K, 13 young (13312K), 13 survivors (13312K)
 Metaspace       used 135528K, capacity 139417K, committed 139648K, reserved 1171456K
  class space    used 16957K, capacity 18443K, committed 18560K, reserved 1048576K
}
Event: 64,996 GC heap before
{Heap before GC invocations=56 (full 0):
 garbage-first heap   total 531456K, used 454655K [0x0000000080000000, 0x0000000100000000)
  region size 1024K, 241 young (246784K), 13 survivors (13312K)
 Metaspace       used 135546K, capacity 139422K, committed 139648K, reserved 1171456K
  class space    used 16958K, capacity 18445K, committed 18560K, reserved 1048576K
}
Event: 65,031 GC heap after
{Heap after GC invocations=57 (full 0):
 garbage-first heap   total 531456K, used 223743K [0x0000000080000000, 0x0000000100000000)
  region size 1024K, 15 young (15360K), 15 survivors (15360K)
 Metaspace       used 135546K, capacity 139422K, committed 139648K, reserved 1171456K
  class space    used 16958K, capacity 18445K, committed 18560K, reserved 1048576K
}
Event: 66,153 GC heap before
{Heap before GC invocations=57 (full 0):
 garbage-first heap   total 531456K, used 462335K [0x0000000080000000, 0x0000000100000000)
  region size 1024K, 245 young (250880K), 15 survivors (15360K)
 Metaspace       used 135768K, capacity 139696K, committed 139904K, reserved 1171456K
  class space    used 16978K, capacity 18449K, committed 18560K, reserved 1048576K
}
Event: 66,235 GC heap after
{Heap after GC invocations=58 (full 0):
 garbage-first heap   total 531456K, used 228863K [0x0000000080000000, 0x0000000100000000)
  region size 1024K, 16 young (16384K), 16 survivors (16384K)
 Metaspace       used 135768K, capacity 139696K, committed 139904K, reserved 1171456K
  class space    used 16978K, capacity 18449K, committed 18560K, reserved 1048576K
}
Event: 66,337 GC heap before
{Heap before GC invocations=58 (full 0):
 garbage-first heap   total 531456K, used 265727K [0x0000000080000000, 0x0000000100000000)
  region size 1024K, 30 young (30720K), 16 survivors (16384K)
 Metaspace       used 135946K, capacity 139859K, committed 140160K, reserved 1171456K
  class space    used 17002K, capacity 18482K, committed 18560K, reserved 1048576K
}
Event: 66,376 GC heap after
{Heap after GC invocations=59 (full 0):
 garbage-first heap   total 531456K, used 251903K [0x0000000080000000, 0x0000000100000000)
  region size 1024K, 22 young (22528K), 22 survivors (22528K)
 Metaspace       used 135946K, capacity 139859K, committed 140160K, reserved 1171456K
  class space    used 17002K, capacity 18482K, committed 18560K, reserved 1048576K
}
Event: 67,781 GC heap before
{Heap before GC invocations=60 (full 0):
 garbage-first heap   total 531456K, used 429055K [0x0000000080000000, 0x0000000100000000)
  region size 1024K, 196 young (200704K), 22 survivors (22528K)
 Metaspace       used 136426K, capacity 140275K, committed 140416K, reserved 1171456K
  class space    used 17036K, capacity 18532K, committed 18560K, reserved 1048576K
}
Event: 68,066 GC heap after
{Heap after GC invocations=61 (full 0):
 garbage-first heap   total 531456K, used 320584K [0x0000000080000000, 0x0000000100000000)
  region size 1024K, 25 young (25600K), 25 survivors (25600K)
 Metaspace       used 136426K, capacity 140275K, committed 140416K, reserved 1171456K
  class space    used 17036K, capacity 18532K, committed 18560K, reserved 1048576K
}
Event: 68,080 GC heap before
{Heap before GC invocations=61 (full 0):
 garbage-first heap   total 531456K, used 321608K [0x0000000080000000, 0x0000000100000000)
  region size 1024K, 26 young (26624K), 25 survivors (25600K)
 Metaspace       used 136426K, capacity 140275K, committed 140416K, reserved 1171456K
  class space    used 17036K, capacity 18532K, committed 18560K, reserved 1048576K
}
Event: 68,206 GC heap after
{Heap after GC invocations=62 (full 0):
 garbage-first heap   total 531456K, used 310271K [0x0000000080000000, 0x0000000100000000)
  region size 1024K, 1 young (1024K), 1 survivors (1024K)
 Metaspace       used 136426K, capacity 140275K, committed 140416K, reserved 1171456K
  class space    used 17036K, capacity 18532K, committed 18560K, reserved 1048576K
}
Event: 68,420 GC heap before
{Heap before GC invocations=62 (full 0):
 garbage-first heap   total 531456K, used 333823K [0x0000000080000000, 0x0000000100000000)
  region size 1024K, 25 young (25600K), 1 survivors (1024K)
 Metaspace       used 136478K, capacity 140405K, committed 140672K, reserved 1171456K
  class space    used 17037K, capacity 18532K, committed 18560K, reserved 1048576K
}

