# JRE version: OpenJDK Runtime Environment (11.0.10) (build 11.0.10+0-b96-7249189)
# Java VM: OpenJDK 64-Bit Server VM (11.0.10+0-b96-7249189, mixed mode, tiered, compressed oops, g1 gc, linux-amd64)
Heap:
 garbage-first heap   total 240640K, used 35108K [0x0000000085200000, 0x0000000100000000)
  region size 1024K, 6 young (6144K), 6 survivors (6144K)
 Metaspace       used 44588K, capacity 45157K, committed 45440K, reserved 1089536K
  class space    used 5265K, capacity 5489K, committed 5504K, reserved 1048576K
GC Heap History (19 events):
Event: 0,804 GC heap before
{Heap before GC invocations=0 (full 0):
 garbage-first heap   total 126976K, used 9216K [0x0000000085200000, 0x0000000100000000)
  region size 1024K, 7 young (7168K), 0 survivors (0K)
 Metaspace       used 7712K, capacity 7814K, committed 7936K, reserved 1056768K
  class space    used 695K, capacity 733K, committed 768K, reserved 1048576K
}
Event: 0,810 GC heap after
{Heap after GC invocations=1 (full 0):
 garbage-first heap   total 126976K, used 5430K [0x0000000085200000, 0x0000000100000000)
  region size 1024K, 1 young (1024K), 1 survivors (1024K)
 Metaspace       used 7712K, capacity 7814K, committed 7936K, reserved 1056768K
  class space    used 695K, capacity 733K, committed 768K, reserved 1048576K
}
Event: 1,161 GC heap before
{Heap before GC invocations=1 (full 0):
 garbage-first heap   total 126976K, used 13622K [0x0000000085200000, 0x0000000100000000)
  region size 1024K, 9 young (9216K), 1 survivors (1024K)
 Metaspace       used 10491K, capacity 10601K, committed 10752K, reserved 1058816K
  class space    used 903K, capacity 958K, committed 1024K, reserved 1048576K
}
Event: 1,165 GC heap after
{Heap after GC invocations=2 (full 0):
 garbage-first heap   total 126976K, used 5905K [0x0000000085200000, 0x0000000100000000)
  region size 1024K, 2 young (2048K), 2 survivors (2048K)
 Metaspace       used 10491K, capacity 10601K, committed 10752K, reserved 1058816K
  class space    used 903K, capacity 958K, committed 1024K, reserved 1048576K
}
Event: 1,341 GC heap before
{Heap before GC invocations=2 (full 0):
 garbage-first heap   total 126976K, used 17169K [0x0000000085200000, 0x0000000100000000)
  region size 1024K, 13 young (13312K), 2 survivors (2048K)
 Metaspace       used 13177K, capacity 13295K, committed 13568K, reserved 1060864K
  class space    used 1253K, capacity 1280K, committed 1280K, reserved 1048576K
}
Event: 1,344 GC heap after
{Heap after GC invocations=3 (full 0):
 garbage-first heap   total 126976K, used 6599K [0x0000000085200000, 0x0000000100000000)
  region size 1024K, 2 young (2048K), 2 survivors (2048K)
 Metaspace       used 13177K, capacity 13295K, committed 13568K, reserved 1060864K
  class space    used 1253K, capacity 1280K, committed 1280K, reserved 1048576K
}
Event: 1,765 GC heap before
{Heap before GC invocations=3 (full 0):
 garbage-first heap   total 126976K, used 26055K [0x0000000085200000, 0x0000000100000000)
  region size 1024K, 21 young (21504K), 2 survivors (2048K)
 Metaspace       used 17352K, capacity 17561K, committed 17792K, reserved 1064960K
  class space    used 1737K, capacity 1805K, committed 1920K, reserved 1048576K
}
Event: 1,772 GC heap after
{Heap after GC invocations=4 (full 0):
 garbage-first heap   total 126976K, used 9216K [0x0000000085200000, 0x0000000100000000)
  region size 1024K, 3 young (3072K), 3 survivors (3072K)
 Metaspace       used 17352K, capacity 17561K, committed 17792K, reserved 1064960K
  class space    used 1737K, capacity 1805K, committed 1920K, reserved 1048576K
}
Event: 2,085 GC heap before
{Heap before GC invocations=4 (full 0):
 garbage-first heap   total 126976K, used 23552K [0x0000000085200000, 0x0000000100000000)
  region size 1024K, 18 young (18432K), 3 survivors (3072K)
 Metaspace       used 20988K, capacity 21186K, committed 21248K, reserved 1069056K
  class space    used 2235K, capacity 2292K, committed 2304K, reserved 1048576K
}
Event: 2,092 GC heap after
{Heap after GC invocations=5 (full 0):
 garbage-first heap   total 126976K, used 9981K [0x0000000085200000, 0x0000000100000000)
  region size 1024K, 4 young (4096K), 4 survivors (4096K)
 Metaspace       used 20988K, capacity 21186K, committed 21248K, reserved 1069056K
  class space    used 2235K, capacity 2292K, committed 2304K, reserved 1048576K
}
Event: 2,947 GC heap before
{Heap before GC invocations=6 (full 0):
 garbage-first heap   total 126976K, used 58109K [0x0000000085200000, 0x0000000100000000)
  region size 1024K, 36 young (36864K), 4 survivors (4096K)
 Metaspace       used 28039K, capacity 28464K, committed 28672K, reserved 1075200K
  class space    used 3061K, capacity 3219K, committed 3328K, reserved 1048576K
}
Event: 2,968 GC heap after
{Heap after GC invocations=7 (full 0):
 garbage-first heap   total 152576K, used 18066K [0x0000000085200000, 0x0000000100000000)
  region size 1024K, 3 young (3072K), 3 survivors (3072K)
 Metaspace       used 28039K, capacity 28464K, committed 28672K, reserved 1075200K
  class space    used 3061K, capacity 3219K, committed 3328K, reserved 1048576K
}
Event: 3,463 GC heap before
{Heap before GC invocations=7 (full 0):
 garbage-first heap   total 152576K, used 63122K [0x0000000085200000, 0x0000000100000000)
  region size 1024K, 42 young (43008K), 3 survivors (3072K)
 Metaspace       used 30721K, capacity 31216K, committed 31488K, reserved 1077248K
  class space    used 3633K, capacity 3815K, committed 3840K, reserved 1048576K
}
Event: 3,508 GC heap after
{Heap after GC invocations=8 (full 0):
 garbage-first heap   total 152576K, used 28106K [0x0000000085200000, 0x0000000100000000)
  region size 1024K, 6 young (6144K), 6 survivors (6144K)
 Metaspace       used 30721K, capacity 31216K, committed 31488K, reserved 1077248K
  class space    used 3633K, capacity 3815K, committed 3840K, reserved 1048576K
}
Event: 3,823 GC heap before
{Heap before GC invocations=8 (full 0):
 garbage-first heap   total 152576K, used 49610K [0x0000000085200000, 0x0000000100000000)
  region size 1024K, 27 young (27648K), 6 survivors (6144K)
 Metaspace       used 32456K, capacity 32990K, committed 33280K, reserved 1079296K
  class space    used 3834K, capacity 4040K, committed 4096K, reserved 1048576K
}
Event: 3,839 GC heap after
{Heap after GC invocations=9 (full 0):
 garbage-first heap   total 152576K, used 30193K [0x0000000085200000, 0x0000000100000000)
  region size 1024K, 2 young (2048K), 2 survivors (2048K)
 Metaspace       used 32456K, capacity 32990K, committed 33280K, reserved 1079296K
  class space    used 3834K, capacity 4040K, committed 4096K, reserved 1048576K
}
Event: 4,358 GC heap before
{Heap before GC invocations=9 (full 0):
 garbage-first heap   total 152576K, used 55793K [0x0000000085200000, 0x0000000100000000)
  region size 1024K, 19 young (19456K), 2 survivors (2048K)
 Metaspace       used 35166K, capacity 35657K, committed 35840K, reserved 1081344K
  class space    used 4127K, capacity 4332K, committed 4352K, reserved 1048576K
}
Event: 4,373 GC heap after
{Heap after GC invocations=10 (full 0):
 garbage-first heap   total 152576K, used 31262K [0x0000000085200000, 0x0000000100000000)
  region size 1024K, 3 young (3072K), 3 survivors (3072K)
 Metaspace       used 35166K, capacity 35657K, committed 35840K, reserved 1081344K
  class space    used 4127K, capacity 4332K, committed 4352K, reserved 1048576K
}
Event: 9,210 GC heap before
{Heap before GC invocations=11 (full 0):
 garbage-first heap   total 152576K, used 76318K [0x0000000085200000, 0x0000000100000000)
  region size 1024K, 47 young (48128K), 3 survivors (3072K)
 Metaspace       used 44588K, capacity 45157K, committed 45440K, reserved 1089536K
  class space    used 5265K, capacity 5489K, committed 5504K, reserved 1048576K
}

