# JRE version: OpenJDK Runtime Environment (8.0_292-b10) (build 1.8.0_292-8u292-b10-0ubuntu1~18.04-b10)
# Java VM: OpenJDK 64-Bit Server VM (25.292-b10 mixed mode linux-amd64 compressed oops)
Heap:
 PSYoungGen      total 289792K, used 0K [0x00000000d5580000, 0x00000000e8c80000, 0x0000000100000000)
  eden space 272384K, 0% used [0x00000000d5580000,0x00000000d5580000,0x00000000e5f80000)
  from space 17408K, 0% used [0x00000000e7680000,0x00000000e7680000,0x00000000e8780000)
  to   space 23040K, 0% used [0x00000000e5f80000,0x00000000e5f80000,0x00000000e7600000)
 ParOldGen       total 81920K, used 39067K [0x0000000080000000, 0x0000000085000000, 0x00000000d5580000)
  object space 81920K, 47% used [0x0000000080000000,0x0000000082626ca8,0x0000000085000000)
 Metaspace       used 55771K, capacity 59072K, committed 59096K, reserved 1099776K
  class space    used 7950K, capacity 8558K, committed 8576K, reserved 1048576K
GC Heap History (10 events):
Event: 5,987 GC heap after
Heap after GC invocations=8 (full 1):
 PSYoungGen      total 137728K, used 11257K [0x00000000d5580000, 0x00000000e4380000, 0x0000000100000000)
  eden space 126464K, 0% used [0x00000000d5580000,0x00000000d5580000,0x00000000dd100000)
  from space 11264K, 99% used [0x00000000dd100000,0x00000000ddbfe758,0x00000000ddc00000)
  to   space 13312K, 0% used [0x00000000e3680000,0x00000000e3680000,0x00000000e4380000)
 ParOldGen       total 53760K, used 10118K [0x0000000080000000, 0x0000000083480000, 0x00000000d5580000)
  object space 53760K, 18% used [0x0000000080000000,0x00000000809e1848,0x0000000083480000)
 Metaspace       used 31066K, capacity 32492K, committed 32768K, reserved 1077248K
  class space    used 4403K, capacity 4745K, committed 4864K, reserved 1048576K
}
Event: 6,594 GC heap before
{Heap before GC invocations=9 (full 1):
 PSYoungGen      total 137728K, used 74530K [0x00000000d5580000, 0x00000000e4380000, 0x0000000100000000)
  eden space 126464K, 50% used [0x00000000d5580000,0x00000000d934a140,0x00000000dd100000)
  from space 11264K, 99% used [0x00000000dd100000,0x00000000ddbfe758,0x00000000ddc00000)
  to   space 13312K, 0% used [0x00000000e3680000,0x00000000e3680000,0x00000000e4380000)
 ParOldGen       total 53760K, used 10118K [0x0000000080000000, 0x0000000083480000, 0x00000000d5580000)
  object space 53760K, 18% used [0x0000000080000000,0x00000000809e1848,0x0000000083480000)
 Metaspace       used 33828K, capacity 35420K, committed 35456K, reserved 1079296K
  class space    used 4863K, capacity 5232K, committed 5248K, reserved 1048576K
Event: 6,612 GC heap after
Heap after GC invocations=9 (full 1):
 PSYoungGen      total 229888K, used 10178K [0x00000000d5580000, 0x00000000e4500000, 0x0000000100000000)
  eden space 216576K, 0% used [0x00000000d5580000,0x00000000d5580000,0x00000000e2900000)
  from space 13312K, 76% used [0x00000000e3680000,0x00000000e40708e0,0x00000000e4380000)
  to   space 13824K, 0% used [0x00000000e2900000,0x00000000e2900000,0x00000000e3680000)
 ParOldGen       total 53760K, used 10126K [0x0000000080000000, 0x0000000083480000, 0x00000000d5580000)
  object space 53760K, 18% used [0x0000000080000000,0x00000000809e3848,0x0000000083480000)
 Metaspace       used 33828K, capacity 35420K, committed 35456K, reserved 1079296K
  class space    used 4863K, capacity 5232K, committed 5248K, reserved 1048576K
}
Event: 6,612 GC heap before
{Heap before GC invocations=10 (full 2):
 PSYoungGen      total 229888K, used 10178K [0x00000000d5580000, 0x00000000e4500000, 0x0000000100000000)
  eden space 216576K, 0% used [0x00000000d5580000,0x00000000d5580000,0x00000000e2900000)
  from space 13312K, 76% used [0x00000000e3680000,0x00000000e40708e0,0x00000000e4380000)
  to   space 13824K, 0% used [0x00000000e2900000,0x00000000e2900000,0x00000000e3680000)
 ParOldGen       total 53760K, used 10126K [0x0000000080000000, 0x0000000083480000, 0x00000000d5580000)
  object space 53760K, 18% used [0x0000000080000000,0x00000000809e3848,0x0000000083480000)
 Metaspace       used 33828K, capacity 35420K, committed 35456K, reserved 1079296K
  class space    used 4863K, capacity 5232K, committed 5248K, reserved 1048576K
Event: 6,697 GC heap after
Heap after GC invocations=10 (full 2):
 PSYoungGen      total 229888K, used 0K [0x00000000d5580000, 0x00000000e4500000, 0x0000000100000000)
  eden space 216576K, 0% used [0x00000000d5580000,0x00000000d5580000,0x00000000e2900000)
  from space 13312K, 0% used [0x00000000e3680000,0x00000000e3680000,0x00000000e4380000)
  to   space 13824K, 0% used [0x00000000e2900000,0x00000000e2900000,0x00000000e3680000)
 ParOldGen       total 81920K, used 17104K [0x0000000080000000, 0x0000000085000000, 0x00000000d5580000)
  object space 81920K, 20% used [0x0000000080000000,0x00000000810b40d0,0x0000000085000000)
 Metaspace       used 33828K, capacity 35420K, committed 35456K, reserved 1079296K
  class space    used 4863K, capacity 5232K, committed 5248K, reserved 1048576K
}
Event: 9,544 GC heap before
{Heap before GC invocations=11 (full 2):
 PSYoungGen      total 229888K, used 216576K [0x00000000d5580000, 0x00000000e4500000, 0x0000000100000000)
  eden space 216576K, 100% used [0x00000000d5580000,0x00000000e2900000,0x00000000e2900000)
  from space 13312K, 0% used [0x00000000e3680000,0x00000000e3680000,0x00000000e4380000)
  to   space 13824K, 0% used [0x00000000e2900000,0x00000000e2900000,0x00000000e3680000)
 ParOldGen       total 81920K, used 17104K [0x0000000080000000, 0x0000000085000000, 0x00000000d5580000)
  object space 81920K, 20% used [0x0000000080000000,0x00000000810b40d0,0x0000000085000000)
 Metaspace       used 46149K, capacity 48744K, committed 48896K, reserved 1091584K
  class space    used 6568K, capacity 7085K, committed 7168K, reserved 1048576K
Event: 9,607 GC heap after
Heap after GC invocations=11 (full 2):
 PSYoungGen      total 230400K, used 13807K [0x00000000d5580000, 0x00000000e8780000, 0x0000000100000000)
  eden space 216576K, 0% used [0x00000000d5580000,0x00000000d5580000,0x00000000e2900000)
  from space 13824K, 99% used [0x00000000e2900000,0x00000000e367bf20,0x00000000e3680000)
  to   space 17408K, 0% used [0x00000000e7680000,0x00000000e7680000,0x00000000e8780000)
 ParOldGen       total 81920K, used 21651K [0x0000000080000000, 0x0000000085000000, 0x00000000d5580000)
  object space 81920K, 26% used [0x0000000080000000,0x0000000081524c28,0x0000000085000000)
 Metaspace       used 46149K, capacity 48744K, committed 48896K, reserved 1091584K
  class space    used 6568K, capacity 7085K, committed 7168K, reserved 1048576K
}
Event: 30,368 GC heap before
{Heap before GC invocations=12 (full 2):
 PSYoungGen      total 230400K, used 230085K [0x00000000d5580000, 0x00000000e8780000, 0x0000000100000000)
  eden space 216576K, 99% used [0x00000000d5580000,0x00000000e28b5638,0x00000000e2900000)
  from space 13824K, 99% used [0x00000000e2900000,0x00000000e367bf20,0x00000000e3680000)
  to   space 17408K, 0% used [0x00000000e7680000,0x00000000e7680000,0x00000000e8780000)
 ParOldGen       total 81920K, used 21651K [0x0000000080000000, 0x0000000085000000, 0x00000000d5580000)
  object space 81920K, 26% used [0x0000000080000000,0x0000000081524c28,0x0000000085000000)
 Metaspace       used 55771K, capacity 59072K, committed 59096K, reserved 1099776K
  class space    used 7950K, capacity 8558K, committed 8576K, reserved 1048576K
Event: 31,345 GC heap after
Heap after GC invocations=12 (full 2):
 PSYoungGen      total 289792K, used 17406K [0x00000000d5580000, 0x00000000e8c80000, 0x0000000100000000)
  eden space 272384K, 0% used [0x00000000d5580000,0x00000000d5580000,0x00000000e5f80000)
  from space 17408K, 99% used [0x00000000e7680000,0x00000000e877f930,0x00000000e8780000)
  to   space 23040K, 0% used [0x00000000e5f80000,0x00000000e5f80000,0x00000000e7600000)
 ParOldGen       total 81920K, used 29995K [0x0000000080000000, 0x0000000085000000, 0x00000000d5580000)
  object space 81920K, 36% used [0x0000000080000000,0x0000000081d4ace0,0x0000000085000000)
 Metaspace       used 55771K, capacity 59072K, committed 59096K, reserved 1099776K
  class space    used 7950K, capacity 8558K, committed 8576K, reserved 1048576K
}
Event: 31,631 GC heap before
{Heap before GC invocations=13 (full 3):
 PSYoungGen      total 289792K, used 17406K [0x00000000d5580000, 0x00000000e8c80000, 0x0000000100000000)
  eden space 272384K, 0% used [0x00000000d5580000,0x00000000d5580000,0x00000000e5f80000)
  from space 17408K, 99% used [0x00000000e7680000,0x00000000e877f930,0x00000000e8780000)
  to   space 23040K, 0% used [0x00000000e5f80000,0x00000000e5f80000,0x00000000e7600000)
 ParOldGen       total 81920K, used 29995K [0x0000000080000000, 0x0000000085000000, 0x00000000d5580000)
  object space 81920K, 36% used [0x0000000080000000,0x0000000081d4ace0,0x0000000085000000)
 Metaspace       used 55771K, capacity 59072K, committed 59096K, reserved 1099776K
  class space    used 7950K, capacity 8558K, committed 8576K, reserved 1048576K

