# JRE version: OpenJDK Runtime Environment (8.0_292-b10) (build 1.8.0_292-8u292-b10-0ubuntu1~18.04-b10)
# Java VM: OpenJDK 64-Bit Server VM (25.292-b10 mixed mode linux-amd64 compressed oops)
Heap:
 PSYoungGen      total 288256K, used 2834K [0x00000000d5580000, 0x00000000e8580000, 0x0000000100000000)
  eden space 266240K, 0% used [0x00000000d5580000,0x00000000d5580000,0x00000000e5980000)
  from space 22016K, 12% used [0x00000000e5980000,0x00000000e5c44948,0x00000000e6f00000)
  to   space 16896K, 0% used [0x00000000e6f00000,0x00000000e6f00000,0x00000000e7f80000)
 ParOldGen       total 87040K, used 42366K [0x0000000080000000, 0x0000000085500000, 0x00000000d5580000)
  object space 87040K, 48% used [0x0000000080000000,0x000000008295fbf8,0x0000000085500000)
 Metaspace       used 55643K, capacity 58912K, committed 58968K, reserved 1099776K
  class space    used 7938K, capacity 8526K, committed 8576K, reserved 1048576K
GC Heap History (10 events):
Event: 4,586 GC heap after
Heap after GC invocations=8 (full 1):
 PSYoungGen      total 137728K, used 11245K [0x00000000d5580000, 0x00000000e3800000, 0x0000000100000000)
  eden space 126464K, 0% used [0x00000000d5580000,0x00000000d5580000,0x00000000dd100000)
  from space 11264K, 99% used [0x00000000dd100000,0x00000000ddbfb498,0x00000000ddc00000)
  to   space 13312K, 0% used [0x00000000e2b00000,0x00000000e2b00000,0x00000000e3800000)
 ParOldGen       total 57856K, used 10056K [0x0000000080000000, 0x0000000083880000, 0x00000000d5580000)
  object space 57856K, 17% used [0x0000000080000000,0x00000000809d2188,0x0000000083880000)
 Metaspace       used 31055K, capacity 32492K, committed 32768K, reserved 1077248K
  class space    used 4403K, capacity 4745K, committed 4864K, reserved 1048576K
}
Event: 5,031 GC heap before
{Heap before GC invocations=9 (full 1):
 PSYoungGen      total 137728K, used 72529K [0x00000000d5580000, 0x00000000e3800000, 0x0000000100000000)
  eden space 126464K, 48% used [0x00000000d5580000,0x00000000d91590e0,0x00000000dd100000)
  from space 11264K, 99% used [0x00000000dd100000,0x00000000ddbfb498,0x00000000ddc00000)
  to   space 13312K, 0% used [0x00000000e2b00000,0x00000000e2b00000,0x00000000e3800000)
 ParOldGen       total 57856K, used 10056K [0x0000000080000000, 0x0000000083880000, 0x00000000d5580000)
  object space 57856K, 17% used [0x0000000080000000,0x00000000809d2188,0x0000000083880000)
 Metaspace       used 33715K, capacity 35348K, committed 35416K, reserved 1079296K
  class space    used 4845K, capacity 5228K, committed 5248K, reserved 1048576K
Event: 5,045 GC heap after
Heap after GC invocations=9 (full 1):
 PSYoungGen      total 218112K, used 10147K [0x00000000d5580000, 0x00000000e3b00000, 0x0000000100000000)
  eden space 204800K, 0% used [0x00000000d5580000,0x00000000d5580000,0x00000000e1d80000)
  from space 13312K, 76% used [0x00000000e2b00000,0x00000000e34e8f08,0x00000000e3800000)
  to   space 13824K, 0% used [0x00000000e1d80000,0x00000000e1d80000,0x00000000e2b00000)
 ParOldGen       total 57856K, used 10064K [0x0000000080000000, 0x0000000083880000, 0x00000000d5580000)
  object space 57856K, 17% used [0x0000000080000000,0x00000000809d4188,0x0000000083880000)
 Metaspace       used 33715K, capacity 35348K, committed 35416K, reserved 1079296K
  class space    used 4845K, capacity 5228K, committed 5248K, reserved 1048576K
}
Event: 5,045 GC heap before
{Heap before GC invocations=10 (full 2):
 PSYoungGen      total 218112K, used 10147K [0x00000000d5580000, 0x00000000e3b00000, 0x0000000100000000)
  eden space 204800K, 0% used [0x00000000d5580000,0x00000000d5580000,0x00000000e1d80000)
  from space 13312K, 76% used [0x00000000e2b00000,0x00000000e34e8f08,0x00000000e3800000)
  to   space 13824K, 0% used [0x00000000e1d80000,0x00000000e1d80000,0x00000000e2b00000)
 ParOldGen       total 57856K, used 10064K [0x0000000080000000, 0x0000000083880000, 0x00000000d5580000)
  object space 57856K, 17% used [0x0000000080000000,0x00000000809d4188,0x0000000083880000)
 Metaspace       used 33715K, capacity 35348K, committed 35416K, reserved 1079296K
  class space    used 4845K, capacity 5228K, committed 5248K, reserved 1048576K
Event: 5,107 GC heap after
Heap after GC invocations=10 (full 2):
 PSYoungGen      total 218112K, used 0K [0x00000000d5580000, 0x00000000e3b00000, 0x0000000100000000)
  eden space 204800K, 0% used [0x00000000d5580000,0x00000000d5580000,0x00000000e1d80000)
  from space 13312K, 0% used [0x00000000e2b00000,0x00000000e2b00000,0x00000000e3800000)
  to   space 13824K, 0% used [0x00000000e1d80000,0x00000000e1d80000,0x00000000e2b00000)
 ParOldGen       total 87040K, used 17020K [0x0000000080000000, 0x0000000085500000, 0x00000000d5580000)
  object space 87040K, 19% used [0x0000000080000000,0x000000008109f090,0x0000000085500000)
 Metaspace       used 33715K, capacity 35348K, committed 35416K, reserved 1079296K
  class space    used 4845K, capacity 5228K, committed 5248K, reserved 1048576K
}
Event: 7,704 GC heap before
{Heap before GC invocations=11 (full 2):
 PSYoungGen      total 218112K, used 204800K [0x00000000d5580000, 0x00000000e3b00000, 0x0000000100000000)
  eden space 204800K, 100% used [0x00000000d5580000,0x00000000e1d80000,0x00000000e1d80000)
  from space 13312K, 0% used [0x00000000e2b00000,0x00000000e2b00000,0x00000000e3800000)
  to   space 13824K, 0% used [0x00000000e1d80000,0x00000000e1d80000,0x00000000e2b00000)
 ParOldGen       total 87040K, used 17020K [0x0000000080000000, 0x0000000085500000, 0x00000000d5580000)
  object space 87040K, 19% used [0x0000000080000000,0x000000008109f090,0x0000000085500000)
 Metaspace       used 45297K, capacity 47934K, committed 48216K, reserved 1091584K
  class space    used 6447K, capacity 6946K, committed 7040K, reserved 1048576K
Event: 7,816 GC heap after
Heap after GC invocations=11 (full 2):
 PSYoungGen      total 218624K, used 13822K [0x00000000d5580000, 0x00000000e7f80000, 0x0000000100000000)
  eden space 204800K, 0% used [0x00000000d5580000,0x00000000d5580000,0x00000000e1d80000)
  from space 13824K, 99% used [0x00000000e1d80000,0x00000000e2affb48,0x00000000e2b00000)
  to   space 16896K, 0% used [0x00000000e6f00000,0x00000000e6f00000,0x00000000e7f80000)
 ParOldGen       total 87040K, used 20247K [0x0000000080000000, 0x0000000085500000, 0x00000000d5580000)
  object space 87040K, 23% used [0x0000000080000000,0x00000000813c5c20,0x0000000085500000)
 Metaspace       used 45297K, capacity 47934K, committed 48216K, reserved 1091584K
  class space    used 6447K, capacity 6946K, committed 7040K, reserved 1048576K
}
Event: 30,907 GC heap before
{Heap before GC invocations=12 (full 2):
 PSYoungGen      total 218624K, used 218622K [0x00000000d5580000, 0x00000000e7f80000, 0x0000000100000000)
  eden space 204800K, 100% used [0x00000000d5580000,0x00000000e1d80000,0x00000000e1d80000)
  from space 13824K, 99% used [0x00000000e1d80000,0x00000000e2affb48,0x00000000e2b00000)
  to   space 16896K, 0% used [0x00000000e6f00000,0x00000000e6f00000,0x00000000e7f80000)
 ParOldGen       total 87040K, used 20247K [0x0000000080000000, 0x0000000085500000, 0x00000000d5580000)
  object space 87040K, 23% used [0x0000000080000000,0x00000000813c5c20,0x0000000085500000)
 Metaspace       used 54663K, capacity 57780K, committed 58072K, reserved 1099776K
  class space    used 7784K, capacity 8376K, committed 8448K, reserved 1048576K
Event: 31,371 GC heap after
Heap after GC invocations=12 (full 2):
 PSYoungGen      total 283136K, used 16881K [0x00000000d5580000, 0x00000000e8580000, 0x0000000100000000)
  eden space 266240K, 0% used [0x00000000d5580000,0x00000000d5580000,0x00000000e5980000)
  from space 16896K, 99% used [0x00000000e6f00000,0x00000000e7f7c7f8,0x00000000e7f80000)
  to   space 22016K, 0% used [0x00000000e5980000,0x00000000e5980000,0x00000000e6f00000)
 ParOldGen       total 87040K, used 27218K [0x0000000080000000, 0x0000000085500000, 0x00000000d5580000)
  object space 87040K, 31% used [0x0000000080000000,0x0000000081a94a88,0x0000000085500000)
 Metaspace       used 54663K, capacity 57780K, committed 58072K, reserved 1099776K
  class space    used 7784K, capacity 8376K, committed 8448K, reserved 1048576K
}
Event: 116,604 GC heap before
{Heap before GC invocations=13 (full 2):
 PSYoungGen      total 283136K, used 44337K [0x00000000d5580000, 0x00000000e8580000, 0x0000000100000000)
  eden space 266240K, 10% used [0x00000000d5580000,0x00000000d704fe00,0x00000000e5980000)
  from space 16896K, 99% used [0x00000000e6f00000,0x00000000e7f7c7f8,0x00000000e7f80000)
  to   space 22016K, 0% used [0x00000000e5980000,0x00000000e5980000,0x00000000e6f00000)
 ParOldGen       total 87040K, used 27218K [0x0000000080000000, 0x0000000085500000, 0x00000000d5580000)
  object space 87040K, 31% used [0x0000000080000000,0x0000000081a94a88,0x0000000085500000)
 Metaspace       used 55643K, capacity 58912K, committed 58968K, reserved 1099776K
  class space    used 7938K, capacity 8526K, committed 8576K, reserved 1048576K

